device/build/intermediates/manifest_merge_blame_file/release/processReleaseManifest/manifest-merger-blame-release-report.txt
1<?xml version="1.0" encoding="utf-8"?>
2<manifest xmlns:android="http://schemas.android.com/apk/res/android"
3    package="com.cdccreditsmart.device" >
4
5    <uses-sdk android:minSdkVersion="26" />
6
7    <!-- Samsung Knox SDK v3.12+ Required Permissions -->
8
9
10    <!-- Core Knox Permissions -->
11    <uses-permission android:name="com.samsung.android.knox.permission.KNOX_ADMIN" />
11-->src/main/AndroidManifest.xml:8:5-86
11-->src/main/AndroidManifest.xml:8:22-83
12    <uses-permission android:name="com.samsung.android.knox.permission.KNOX_ENTERPRISE_DEVICE_ADMIN" />
12-->src/main/AndroidManifest.xml:9:5-104
12-->src/main/AndroidManifest.xml:9:22-101
13    <uses-permission android:name="com.samsung.android.knox.permission.KNOX_DEVICE_CONFIGURATION" />
13-->src/main/AndroidManifest.xml:10:5-101
13-->src/main/AndroidManifest.xml:10:22-98
14
15    <!-- Knox Container Permissions -->
16    <uses-permission android:name="com.samsung.android.knox.permission.KNOX_CONTAINER" />
16-->src/main/AndroidManifest.xml:13:5-90
16-->src/main/AndroidManifest.xml:13:22-87
17    <uses-permission android:name="com.samsung.android.knox.permission.KNOX_CONTAINER_POLICY" />
17-->src/main/AndroidManifest.xml:14:5-97
17-->src/main/AndroidManifest.xml:14:22-94
18
19    <!-- Knox Application Management -->
20    <uses-permission android:name="com.samsung.android.knox.permission.KNOX_APPLICATION" />
20-->src/main/AndroidManifest.xml:17:5-92
20-->src/main/AndroidManifest.xml:17:22-89
21    <uses-permission android:name="com.samsung.android.knox.permission.KNOX_APP_MGMT" />
21-->src/main/AndroidManifest.xml:18:5-89
21-->src/main/AndroidManifest.xml:18:22-86
22
23    <!-- Knox Security and Restriction Policies -->
24    <uses-permission android:name="com.samsung.android.knox.permission.KNOX_SECURITY" />
24-->src/main/AndroidManifest.xml:21:5-89
24-->src/main/AndroidManifest.xml:21:22-86
25    <uses-permission android:name="com.samsung.android.knox.permission.KNOX_RESTRICTION" />
25-->src/main/AndroidManifest.xml:22:5-92
25-->src/main/AndroidManifest.xml:22:22-89
26    <uses-permission android:name="com.samsung.android.knox.permission.KNOX_ADVANCED_SECURITY" />
26-->src/main/AndroidManifest.xml:23:5-98
26-->src/main/AndroidManifest.xml:23:22-95
27
28    <!-- Knox Hardware Control -->
29    <uses-permission android:name="com.samsung.android.knox.permission.KNOX_HW_CONTROL" />
29-->src/main/AndroidManifest.xml:26:5-91
29-->src/main/AndroidManifest.xml:26:22-88
30    <uses-permission android:name="com.samsung.android.knox.permission.KNOX_HARDWARE_CONTROL" />
30-->src/main/AndroidManifest.xml:27:5-97
30-->src/main/AndroidManifest.xml:27:22-94
31
32    <!-- Knox VPN and Network -->
33    <uses-permission android:name="com.samsung.android.knox.permission.KNOX_VPN" />
33-->src/main/AndroidManifest.xml:30:5-84
33-->src/main/AndroidManifest.xml:30:22-81
34    <uses-permission android:name="com.samsung.android.knox.permission.KNOX_NETWORK" />
34-->src/main/AndroidManifest.xml:31:5-88
34-->src/main/AndroidManifest.xml:31:22-85
35
36    <!-- Knox License Management -->
37    <uses-permission android:name="com.samsung.android.knox.permission.KNOX_LICENSE" />
37-->src/main/AndroidManifest.xml:34:5-88
37-->src/main/AndroidManifest.xml:34:22-85
38    <uses-permission android:name="com.samsung.android.knox.permission.KNOX_LICENSE_LOG" />
38-->src/main/AndroidManifest.xml:35:5-92
38-->src/main/AndroidManifest.xml:35:22-89
39
40    <!-- Knox Attestation and Keystore -->
41    <uses-permission android:name="com.samsung.android.knox.permission.KNOX_ATTESTATION" />
41-->src/main/AndroidManifest.xml:38:5-92
41-->src/main/AndroidManifest.xml:38:22-89
42    <uses-permission android:name="com.samsung.android.knox.permission.KNOX_TIMA_KEYSTORE" />
42-->src/main/AndroidManifest.xml:39:5-94
42-->src/main/AndroidManifest.xml:39:22-91
43    <uses-permission android:name="com.samsung.android.knox.permission.KNOX_KEYSTORE" />
43-->src/main/AndroidManifest.xml:40:5-89
43-->src/main/AndroidManifest.xml:40:22-86
44
45    <!-- Knox Custom Settings -->
46    <uses-permission android:name="com.samsung.android.knox.permission.KNOX_CUSTOM_SETTING" />
46-->src/main/AndroidManifest.xml:43:5-95
46-->src/main/AndroidManifest.xml:43:22-92
47    <uses-permission android:name="com.samsung.android.knox.permission.KNOX_CUSTOM_SYSTEM" />
47-->src/main/AndroidManifest.xml:44:5-94
47-->src/main/AndroidManifest.xml:44:22-91
48
49    <!-- Knox Multi-User and Workspace -->
50    <uses-permission android:name="com.samsung.android.knox.permission.KNOX_MULTI_USER_MGMT" />
50-->src/main/AndroidManifest.xml:47:5-96
50-->src/main/AndroidManifest.xml:47:22-93
51    <uses-permission android:name="com.samsung.android.knox.permission.KNOX_WORKSPACE" />
51-->src/main/AndroidManifest.xml:48:5-90
51-->src/main/AndroidManifest.xml:48:22-87
52
53    <!-- Knox DualDAR (Dual Data-At-Rest) -->
54    <uses-permission android:name="com.samsung.android.knox.permission.KNOX_DUAL_DAR" />
54-->src/main/AndroidManifest.xml:51:5-89
54-->src/main/AndroidManifest.xml:51:22-86
55
56    <!-- Knox UCM (Universal Credential Management) -->
57    <uses-permission android:name="com.samsung.android.knox.permission.KNOX_UCM" />
57-->src/main/AndroidManifest.xml:54:5-84
57-->src/main/AndroidManifest.xml:54:22-81
58    <uses-permission android:name="com.samsung.android.knox.permission.KNOX_CCM_KEYSTORE" />
58-->src/main/AndroidManifest.xml:55:5-93
58-->src/main/AndroidManifest.xml:55:22-90
59
60    <!-- Standard Android Permissions required by Knox -->
61    <uses-permission android:name="android.permission.ACCESS_WIFI_STATE" />
61-->src/main/AndroidManifest.xml:58:5-76
61-->src/main/AndroidManifest.xml:58:22-73
62    <uses-permission android:name="android.permission.CHANGE_WIFI_STATE" />
62-->src/main/AndroidManifest.xml:59:5-76
62-->src/main/AndroidManifest.xml:59:22-73
63    <uses-permission android:name="android.permission.BLUETOOTH" />
63-->src/main/AndroidManifest.xml:60:5-68
63-->src/main/AndroidManifest.xml:60:22-65
64    <uses-permission android:name="android.permission.BLUETOOTH_ADMIN" />
64-->src/main/AndroidManifest.xml:61:5-74
64-->src/main/AndroidManifest.xml:61:22-71
65    <uses-permission android:name="android.permission.ACCESS_NETWORK_STATE" />
65-->src/main/AndroidManifest.xml:62:5-79
65-->src/main/AndroidManifest.xml:62:22-76
66    <uses-permission android:name="android.permission.CHANGE_NETWORK_STATE" />
66-->src/main/AndroidManifest.xml:63:5-79
66-->src/main/AndroidManifest.xml:63:22-76
67    <uses-permission android:name="android.permission.WRITE_EXTERNAL_STORAGE" />
67-->src/main/AndroidManifest.xml:64:5-81
67-->src/main/AndroidManifest.xml:64:22-78
68    <uses-permission android:name="android.permission.READ_PHONE_STATE" />
68-->src/main/AndroidManifest.xml:65:5-75
68-->src/main/AndroidManifest.xml:65:22-72
69    <uses-permission android:name="android.permission.WRITE_SETTINGS" />
69-->src/main/AndroidManifest.xml:66:5-73
69-->src/main/AndroidManifest.xml:66:22-70
70    <uses-permission android:name="android.permission.WRITE_SECURE_SETTINGS" />
70-->src/main/AndroidManifest.xml:67:5-80
70-->src/main/AndroidManifest.xml:67:22-77
71
72    <!-- Device Admin Permissions -->
73    <uses-permission android:name="android.permission.BIND_DEVICE_ADMIN" />
73-->src/main/AndroidManifest.xml:70:5-76
73-->src/main/AndroidManifest.xml:70:22-73
74
75    <application>
75-->src/main/AndroidManifest.xml:72:5-92:19
76
77        <!-- Knox SDK Selective Permissions -->
78        <meta-data
78-->src/main/AndroidManifest.xml:74:9-76:36
79            android:name="com.samsung.knoxlicense.permissions"
79-->src/main/AndroidManifest.xml:75:13-63
80            android:value="true" />
80-->src/main/AndroidManifest.xml:76:13-33
81
82        <!-- Knox SDK Version Compatibility -->
83        <meta-data
83-->src/main/AndroidManifest.xml:79:9-81:36
84            android:name="com.samsung.knox.sdk.version"
84-->src/main/AndroidManifest.xml:80:13-56
85            android:value="3.12" />
85-->src/main/AndroidManifest.xml:81:13-33
86
87        <!-- Knox Container Support -->
88        <meta-data
88-->src/main/AndroidManifest.xml:84:9-86:36
89            android:name="com.samsung.knox.container.support"
89-->src/main/AndroidManifest.xml:85:13-62
90            android:value="true" />
90-->src/main/AndroidManifest.xml:86:13-33
91
92        <!-- Knox Attestation Support -->
93        <meta-data
93-->src/main/AndroidManifest.xml:89:9-91:36
94            android:name="com.samsung.knox.attestation.support"
94-->src/main/AndroidManifest.xml:90:13-64
95            android:value="true" />
95-->src/main/AndroidManifest.xml:91:13-33
96    </application>
97
98</manifest>